# JRE version: OpenJDK Runtime Environment (7.0_65-b32) (build 1.7.0_65-b32)
# Java VM: OpenJDK 64-Bit Server VM (24.65-b04 mixed mode linux-amd64 compressed oops)
Heap
 PSYoungGen      total 620544K, used 8164K [0x00000007d7c80000, 0x0000000800000000, 0x0000000800000000)
  eden space 581120K, 0% used [0x00000007d7c80000,0x00000007d7c80000,0x00000007fb400000)
  from space 39424K, 20% used [0x00000007fd980000,0x00000007fe179260,0x0000000800000000)
  to   space 38400K, 0% used [0x00000007fb400000,0x00000007fb400000,0x00000007fd980000)
 ParOldGen       total 81920K, used 68646K [0x0000000787600000, 0x000000078c600000, 0x00000007d7c80000)
  object space 81920K, 83% used [0x0000000787600000,0x000000078b909800,0x000000078c600000)
 PSPermGen       total 21504K, used 20210K [0x000000077d000000, 0x000000077e500000, 0x0000000787600000)
  object space 21504K, 93% used [0x000000077d000000,0x000000077e3bca90,0x000000077e500000)
GC Heap History (10 events):
Event: 2.986 GC heap after
Heap after GC invocations=6 (full 0):
 PSYoungGen      total 257536K, used 9204K [0x00000007d7c80000, 0x00000007e8580000, 0x0000000800000000)
  eden space 248320K, 0% used [0x00000007d7c80000,0x00000007d7c80000,0x00000007e6f00000)
  from space 9216K, 99% used [0x00000007e7980000,0x00000007e827d310,0x00000007e8280000)
  to   space 10752K, 0% used [0x00000007e6f00000,0x00000007e6f00000,0x00000007e7980000)
 ParOldGen       total 81920K, used 9299K [0x0000000787600000, 0x000000078c600000, 0x00000007d7c80000)
  object space 81920K, 11% used [0x0000000787600000,0x0000000787f14fa0,0x000000078c600000)
 PSPermGen       total 21504K, used 8181K [0x000000077d000000, 0x000000077e500000, 0x0000000787600000)
  object space 21504K, 38% used [0x000000077d000000,0x000000077d7fd4c0,0x000000077e500000)
}
Event: 5.165 GC heap before
{Heap before GC invocations=7 (full 0):
 PSYoungGen      total 257536K, used 257524K [0x00000007d7c80000, 0x00000007e8580000, 0x0000000800000000)
  eden space 248320K, 100% used [0x00000007d7c80000,0x00000007e6f00000,0x00000007e6f00000)
  from space 9216K, 99% used [0x00000007e7980000,0x00000007e827d310,0x00000007e8280000)
  to   space 10752K, 0% used [0x00000007e6f00000,0x00000007e6f00000,0x00000007e7980000)
 ParOldGen       total 81920K, used 9299K [0x0000000787600000, 0x000000078c600000, 0x00000007d7c80000)
  object space 81920K, 11% used [0x0000000787600000,0x0000000787f14fa0,0x000000078c600000)
 PSPermGen       total 21504K, used 8581K [0x000000077d000000, 0x000000077e500000, 0x0000000787600000)
  object space 21504K, 39% used [0x000000077d000000,0x000000077d8614f0,0x000000077e500000)
Event: 5.227 GC heap after
Heap after GC invocations=7 (full 0):
 PSYoungGen      total 259072K, used 10752K [0x00000007d7c80000, 0x00000007f9180000, 0x0000000800000000)
  eden space 248320K, 0% used [0x00000007d7c80000,0x00000007d7c80000,0x00000007e6f00000)
  from space 10752K, 100% used [0x00000007e6f00000,0x00000007e7980000,0x00000007e7980000)
  to   space 24576K, 0% used [0x00000007f7980000,0x00000007f7980000,0x00000007f9180000)
 ParOldGen       total 81920K, used 33927K [0x0000000787600000, 0x000000078c600000, 0x00000007d7c80000)
  object space 81920K, 41% used [0x0000000787600000,0x0000000789721e68,0x000000078c600000)
 PSPermGen       total 21504K, used 8581K [0x000000077d000000, 0x000000077e500000, 0x0000000787600000)
  object space 21504K, 39% used [0x000000077d000000,0x000000077d8614f0,0x000000077e500000)
}
Event: 7.397 GC heap before
{Heap before GC invocations=8 (full 0):
 PSYoungGen      total 259072K, used 259072K [0x00000007d7c80000, 0x00000007f9180000, 0x0000000800000000)
  eden space 248320K, 100% used [0x00000007d7c80000,0x00000007e6f00000,0x00000007e6f00000)
  from space 10752K, 100% used [0x00000007e6f00000,0x00000007e7980000,0x00000007e7980000)
  to   space 24576K, 0% used [0x00000007f7980000,0x00000007f7980000,0x00000007f9180000)
 ParOldGen       total 81920K, used 33927K [0x0000000787600000, 0x000000078c600000, 0x00000007d7c80000)
  object space 81920K, 41% used [0x0000000787600000,0x0000000789721e68,0x000000078c600000)
 PSPermGen       total 21504K, used 12735K [0x000000077d000000, 0x000000077e500000, 0x0000000787600000)
  object space 21504K, 59% used [0x000000077d000000,0x000000077dc6fef8,0x000000077e500000)
Event: 7.459 GC heap after
Heap after GC invocations=8 (full 0):
 PSYoungGen      total 512000K, used 24565K [0x00000007d7c80000, 0x00000007fa380000, 0x0000000800000000)
  eden space 487424K, 0% used [0x00000007d7c80000,0x00000007d7c80000,0x00000007f5880000)
  from space 24576K, 99% used [0x00000007f7980000,0x00000007f917d6c8,0x00000007f9180000)
  to   space 33792K, 0% used [0x00000007f5880000,0x00000007f5880000,0x00000007f7980000)
 ParOldGen       total 81920K, used 44826K [0x0000000787600000, 0x000000078c600000, 0x00000007d7c80000)
  object space 81920K, 54% used [0x0000000787600000,0x000000078a1c6870,0x000000078c600000)
 PSPermGen       total 21504K, used 12735K [0x000000077d000000, 0x000000077e500000, 0x0000000787600000)
  object space 21504K, 59% used [0x000000077d000000,0x000000077dc6fef8,0x000000077e500000)
}
Event: 10.447 GC heap before
{Heap before GC invocations=9 (full 0):
 PSYoungGen      total 512000K, used 511989K [0x00000007d7c80000, 0x00000007fa380000, 0x0000000800000000)
  eden space 487424K, 100% used [0x00000007d7c80000,0x00000007f5880000,0x00000007f5880000)
  from space 24576K, 99% used [0x00000007f7980000,0x00000007f917d6c8,0x00000007f9180000)
  to   space 33792K, 0% used [0x00000007f5880000,0x00000007f5880000,0x00000007f7980000)
 ParOldGen       total 81920K, used 44826K [0x0000000787600000, 0x000000078c600000, 0x00000007d7c80000)
  object space 81920K, 54% used [0x0000000787600000,0x000000078a1c6870,0x000000078c600000)
 PSPermGen       total 21504K, used 19643K [0x000000077d000000, 0x000000077e500000, 0x0000000787600000)
  object space 21504K, 91% used [0x000000077d000000,0x000000077e32eca8,0x000000077e500000)
Event: 10.519 GC heap after
Heap after GC invocations=9 (full 0):
 PSYoungGen      total 521216K, used 33313K [0x00000007d7c80000, 0x0000000800000000, 0x0000000800000000)
  eden space 487424K, 0% used [0x00000007d7c80000,0x00000007d7c80000,0x00000007f5880000)
  from space 33792K, 98% used [0x00000007f5880000,0x00000007f7908760,0x00000007f7980000)
  to   space 39424K, 0% used [0x00000007fd980000,0x00000007fd980000,0x0000000800000000)
 ParOldGen       total 81920K, used 47770K [0x0000000787600000, 0x000000078c600000, 0x00000007d7c80000)
  object space 81920K, 58% used [0x0000000787600000,0x000000078a4a6870,0x000000078c600000)
 PSPermGen       total 21504K, used 19643K [0x000000077d000000, 0x000000077e500000, 0x0000000787600000)
  object space 21504K, 91% used [0x000000077d000000,0x000000077e32eca8,0x000000077e500000)
}
Event: 10.765 GC heap before
{Heap before GC invocations=10 (full 0):
 PSYoungGen      total 521216K, used 62530K [0x00000007d7c80000, 0x0000000800000000, 0x0000000800000000)
  eden space 487424K, 5% used [0x00000007d7c80000,0x00000007d9908178,0x00000007f5880000)
  from space 33792K, 98% used [0x00000007f5880000,0x00000007f7908760,0x00000007f7980000)
  to   space 39424K, 0% used [0x00000007fd980000,0x00000007fd980000,0x0000000800000000)
 ParOldGen       total 81920K, used 47770K [0x0000000787600000, 0x000000078c600000, 0x00000007d7c80000)
  object space 81920K, 58% used [0x0000000787600000,0x000000078a4a6870,0x000000078c600000)
 PSPermGen       total 21504K, used 20210K [0x000000077d000000, 0x000000077e500000, 0x0000000787600000)
  object space 21504K, 93% used [0x000000077d000000,0x000000077e3bca90,0x000000077e500000)
Event: 10.826 GC heap after
Heap after GC invocations=10 (full 0):
 PSYoungGen      total 620544K, used 8164K [0x00000007d7c80000, 0x0000000800000000, 0x0000000800000000)
  eden space 581120K, 0% used [0x00000007d7c80000,0x00000007d7c80000,0x00000007fb400000)
  from space 39424K, 20% used [0x00000007fd980000,0x00000007fe179260,0x0000000800000000)
  to   space 38400K, 0% used [0x00000007fb400000,0x00000007fb400000,0x00000007fd980000)
 ParOldGen       total 81920K, used 68646K [0x0000000787600000, 0x000000078c600000, 0x00000007d7c80000)
  object space 81920K, 83% used [0x0000000787600000,0x000000078b909800,0x000000078c600000)
 PSPermGen       total 21504K, used 20210K [0x000000077d000000, 0x000000077e500000, 0x0000000787600000)
  object space 21504K, 93% used [0x000000077d000000,0x000000077e3bca90,0x000000077e500000)
}
Event: 10.826 GC heap before
{Heap before GC invocations=11 (full 1):
 PSYoungGen      total 620544K, used 8164K [0x00000007d7c80000, 0x0000000800000000, 0x0000000800000000)
  eden space 581120K, 0% used [0x00000007d7c80000,0x00000007d7c80000,0x00000007fb400000)
  from space 39424K, 20% used [0x00000007fd980000,0x00000007fe179260,0x0000000800000000)
  to   space 38400K, 0% used [0x00000007fb400000,0x00000007fb400000,0x00000007fd980000)
 ParOldGen       total 81920K, used 68646K [0x0000000787600000, 0x000000078c600000, 0x00000007d7c80000)
  object space 81920K, 83% used [0x0000000787600000,0x000000078b909800,0x000000078c600000)
 PSPermGen       total 21504K, used 20210K [0x000000077d000000, 0x000000077e500000, 0x0000000787600000)
  object space 21504K, 93% used [0x000000077d000000,0x000000077e3bca90,0x000000077e500000)

