# JRE version: OpenJDK Runtime Environment (7.0_65-b32) (build 1.7.0_65-b32)
# Java VM: OpenJDK 64-Bit Server VM (24.65-b04 mixed mode linux-amd64 compressed oops)
Heap
 PSYoungGen      total 620544K, used 8048K [0x00000007d7c80000, 0x0000000800000000, 0x0000000800000000)
  eden space 581120K, 0% used [0x00000007d7c80000,0x00000007d7c80000,0x00000007fb400000)
  from space 39424K, 20% used [0x00000007fd980000,0x00000007fe15c080,0x0000000800000000)
  to   space 38400K, 0% used [0x00000007fb400000,0x00000007fb400000,0x00000007fd980000)
 ParOldGen       total 81920K, used 68281K [0x0000000787600000, 0x000000078c600000, 0x00000007d7c80000)
  object space 81920K, 83% used [0x0000000787600000,0x000000078b8ae688,0x000000078c600000)
 PSPermGen       total 21504K, used 20196K [0x000000077d000000, 0x000000077e500000, 0x0000000787600000)
  object space 21504K, 93% used [0x000000077d000000,0x000000077e3b9010,0x000000077e500000)
GC Heap History (10 events):
Event: 4.689 GC heap after
Heap after GC invocations=6 (full 0):
 PSYoungGen      total 258560K, used 9701K [0x00000007d7c80000, 0x00000007e8580000, 0x0000000800000000)
  eden space 248832K, 0% used [0x00000007d7c80000,0x00000007d7c80000,0x00000007e6f80000)
  from space 9728K, 99% used [0x00000007e7a00000,0x00000007e8379738,0x00000007e8380000)
  to   space 10752K, 0% used [0x00000007e6f80000,0x00000007e6f80000,0x00000007e7a00000)
 ParOldGen       total 81920K, used 8749K [0x0000000787600000, 0x000000078c600000, 0x00000007d7c80000)
  object space 81920K, 10% used [0x0000000787600000,0x0000000787e8b5a0,0x000000078c600000)
 PSPermGen       total 21504K, used 8178K [0x000000077d000000, 0x000000077e500000, 0x0000000787600000)
  object space 21504K, 38% used [0x000000077d000000,0x000000077d7fcb18,0x000000077e500000)
}
Event: 7.745 GC heap before
{Heap before GC invocations=7 (full 0):
 PSYoungGen      total 258560K, used 258533K [0x00000007d7c80000, 0x00000007e8580000, 0x0000000800000000)
  eden space 248832K, 100% used [0x00000007d7c80000,0x00000007e6f80000,0x00000007e6f80000)
  from space 9728K, 99% used [0x00000007e7a00000,0x00000007e8379738,0x00000007e8380000)
  to   space 10752K, 0% used [0x00000007e6f80000,0x00000007e6f80000,0x00000007e7a00000)
 ParOldGen       total 81920K, used 8749K [0x0000000787600000, 0x000000078c600000, 0x00000007d7c80000)
  object space 81920K, 10% used [0x0000000787600000,0x0000000787e8b5a0,0x000000078c600000)
 PSPermGen       total 21504K, used 8578K [0x000000077d000000, 0x000000077e500000, 0x0000000787600000)
  object space 21504K, 39% used [0x000000077d000000,0x000000077d8609a0,0x000000077e500000)
Event: 7.878 GC heap after
Heap after GC invocations=7 (full 0):
 PSYoungGen      total 259584K, used 10752K [0x00000007d7c80000, 0x00000007f9280000, 0x0000000800000000)
  eden space 248832K, 0% used [0x00000007d7c80000,0x00000007d7c80000,0x00000007e6f80000)
  from space 10752K, 100% used [0x00000007e6f80000,0x00000007e7a00000,0x00000007e7a00000)
  to   space 24576K, 0% used [0x00000007f7a80000,0x00000007f7a80000,0x00000007f9280000)
 ParOldGen       total 81920K, used 33336K [0x0000000787600000, 0x000000078c600000, 0x00000007d7c80000)
  object space 81920K, 40% used [0x0000000787600000,0x000000078968e050,0x000000078c600000)
 PSPermGen       total 21504K, used 8578K [0x000000077d000000, 0x000000077e500000, 0x0000000787600000)
  object space 21504K, 39% used [0x000000077d000000,0x000000077d8609a0,0x000000077e500000)
}
Event: 9.985 GC heap before
{Heap before GC invocations=8 (full 0):
 PSYoungGen      total 259584K, used 259584K [0x00000007d7c80000, 0x00000007f9280000, 0x0000000800000000)
  eden space 248832K, 100% used [0x00000007d7c80000,0x00000007e6f80000,0x00000007e6f80000)
  from space 10752K, 100% used [0x00000007e6f80000,0x00000007e7a00000,0x00000007e7a00000)
  to   space 24576K, 0% used [0x00000007f7a80000,0x00000007f7a80000,0x00000007f9280000)
 ParOldGen       total 81920K, used 33336K [0x0000000787600000, 0x000000078c600000, 0x00000007d7c80000)
  object space 81920K, 40% used [0x0000000787600000,0x000000078968e050,0x000000078c600000)
 PSPermGen       total 21504K, used 12725K [0x000000077d000000, 0x000000077e500000, 0x0000000787600000)
  object space 21504K, 59% used [0x000000077d000000,0x000000077dc6d628,0x000000077e500000)
Event: 10.038 GC heap after
Heap after GC invocations=8 (full 0):
 PSYoungGen      total 513024K, used 24565K [0x00000007d7c80000, 0x00000007fa480000, 0x0000000800000000)
  eden space 488448K, 0% used [0x00000007d7c80000,0x00000007d7c80000,0x00000007f5980000)
  from space 24576K, 99% used [0x00000007f7a80000,0x00000007f927d6c8,0x00000007f9280000)
  to   space 33792K, 0% used [0x00000007f5980000,0x00000007f5980000,0x00000007f7a80000)
 ParOldGen       total 81920K, used 44334K [0x0000000787600000, 0x000000078c600000, 0x00000007d7c80000)
  object space 81920K, 54% used [0x0000000787600000,0x000000078a14b8b8,0x000000078c600000)
 PSPermGen       total 21504K, used 12725K [0x000000077d000000, 0x000000077e500000, 0x0000000787600000)
  object space 21504K, 59% used [0x000000077d000000,0x000000077dc6d628,0x000000077e500000)
}
Event: 13.214 GC heap before
{Heap before GC invocations=9 (full 0):
 PSYoungGen      total 513024K, used 513013K [0x00000007d7c80000, 0x00000007fa480000, 0x0000000800000000)
  eden space 488448K, 100% used [0x00000007d7c80000,0x00000007f5980000,0x00000007f5980000)
  from space 24576K, 99% used [0x00000007f7a80000,0x00000007f927d6c8,0x00000007f9280000)
  to   space 33792K, 0% used [0x00000007f5980000,0x00000007f5980000,0x00000007f7a80000)
 ParOldGen       total 81920K, used 44334K [0x0000000787600000, 0x000000078c600000, 0x00000007d7c80000)
  object space 81920K, 54% used [0x0000000787600000,0x000000078a14b8b8,0x000000078c600000)
 PSPermGen       total 21504K, used 19627K [0x000000077d000000, 0x000000077e500000, 0x0000000787600000)
  object space 21504K, 91% used [0x000000077d000000,0x000000077e32af88,0x000000077e500000)
Event: 13.314 GC heap after
Heap after GC invocations=9 (full 0):
 PSYoungGen      total 522240K, used 33468K [0x00000007d7c80000, 0x0000000800000000, 0x0000000800000000)
  eden space 488448K, 0% used [0x00000007d7c80000,0x00000007d7c80000,0x00000007f5980000)
  from space 33792K, 99% used [0x00000007f5980000,0x00000007f7a2f1a0,0x00000007f7a80000)
  to   space 39424K, 0% used [0x00000007fd980000,0x00000007fd980000,0x0000000800000000)
 ParOldGen       total 81920K, used 47158K [0x0000000787600000, 0x000000078c600000, 0x00000007d7c80000)
  object space 81920K, 57% used [0x0000000787600000,0x000000078a40d8b8,0x000000078c600000)
 PSPermGen       total 21504K, used 19627K [0x000000077d000000, 0x000000077e500000, 0x0000000787600000)
  object space 21504K, 91% used [0x000000077d000000,0x000000077e32af88,0x000000077e500000)
}
Event: 13.700 GC heap before
{Heap before GC invocations=10 (full 0):
 PSYoungGen      total 522240K, used 69293K [0x00000007d7c80000, 0x0000000800000000, 0x0000000800000000)
  eden space 488448K, 7% used [0x00000007d7c80000,0x00000007d9f7c580,0x00000007f5980000)
  from space 33792K, 99% used [0x00000007f5980000,0x00000007f7a2f1a0,0x00000007f7a80000)
  to   space 39424K, 0% used [0x00000007fd980000,0x00000007fd980000,0x0000000800000000)
 ParOldGen       total 81920K, used 47158K [0x0000000787600000, 0x000000078c600000, 0x00000007d7c80000)
  object space 81920K, 57% used [0x0000000787600000,0x000000078a40d8b8,0x000000078c600000)
 PSPermGen       total 21504K, used 20196K [0x000000077d000000, 0x000000077e500000, 0x0000000787600000)
  object space 21504K, 93% used [0x000000077d000000,0x000000077e3b9010,0x000000077e500000)
Event: 13.786 GC heap after
Heap after GC invocations=10 (full 0):
 PSYoungGen      total 620544K, used 8048K [0x00000007d7c80000, 0x0000000800000000, 0x0000000800000000)
  eden space 581120K, 0% used [0x00000007d7c80000,0x00000007d7c80000,0x00000007fb400000)
  from space 39424K, 20% used [0x00000007fd980000,0x00000007fe15c080,0x0000000800000000)
  to   space 38400K, 0% used [0x00000007fb400000,0x00000007fb400000,0x00000007fd980000)
 ParOldGen       total 81920K, used 68281K [0x0000000787600000, 0x000000078c600000, 0x00000007d7c80000)
  object space 81920K, 83% used [0x0000000787600000,0x000000078b8ae688,0x000000078c600000)
 PSPermGen       total 21504K, used 20196K [0x000000077d000000, 0x000000077e500000, 0x0000000787600000)
  object space 21504K, 93% used [0x000000077d000000,0x000000077e3b9010,0x000000077e500000)
}
Event: 13.786 GC heap before
{Heap before GC invocations=11 (full 1):
 PSYoungGen      total 620544K, used 8048K [0x00000007d7c80000, 0x0000000800000000, 0x0000000800000000)
  eden space 581120K, 0% used [0x00000007d7c80000,0x00000007d7c80000,0x00000007fb400000)
  from space 39424K, 20% used [0x00000007fd980000,0x00000007fe15c080,0x0000000800000000)
  to   space 38400K, 0% used [0x00000007fb400000,0x00000007fb400000,0x00000007fd980000)
 ParOldGen       total 81920K, used 68281K [0x0000000787600000, 0x000000078c600000, 0x00000007d7c80000)
  object space 81920K, 83% used [0x0000000787600000,0x000000078b8ae688,0x000000078c600000)
 PSPermGen       total 21504K, used 20196K [0x000000077d000000, 0x000000077e500000, 0x0000000787600000)
  object space 21504K, 93% used [0x000000077d000000,0x000000077e3b9010,0x000000077e500000)

